2024-10-08 17:32:27,535 DEBUG - Starting WinSW in console mode
2024-10-08 17:32:30,663 DEBUG - Starting WinSW in console mode
2024-10-08 17:32:30,706 INFO  - Installing service 'Q-ETL log server (Q-ETL)'...
2024-10-08 17:32:30,764 INFO  - Service 'Q-ETL log server (Q-ETL)' was installed successfully.
2024-10-08 17:32:49,890 DEBUG - Starting WinSW in service mode
2024-10-08 17:32:50,046 INFO  - Starting WinSW-x64.exe ..\server.cmd 
2024-10-08 17:32:50,135 ERROR - Failed to start service.
System.ComponentModel.Win32Exception (2): An error occurred trying to start process 'WinSW-x64.exe' with working directory 'C:\Projects\QGIS_ETL_Python\server\app'. Den angivne fil blev ikke fundet.
   at System.Diagnostics.Process.StartWithCreateProcess(ProcessStartInfo )
   at System.Diagnostics.Process.StartCore(ProcessStartInfo )
   at System.Diagnostics.Process.Start()
   at WinSW.Util.ProcessHelper.StartProcessAndCallbackForExit(Process processToStart, String executable, String arguments, Dictionary`2 envVars, String workingDirectory, Nullable`1 priority, ProcessCompletionCallback callback, LogHandler logHandler, Boolean hideWindow)
   at WinSW.WrapperService.StartProcess(Process processToStart, String arguments, String executable, LogHandler logHandler)
   at WinSW.WrapperService.DoStart()
   at WinSW.WrapperService.OnStart(String[] args)
2024-10-08 17:33:24,177 DEBUG - Starting WinSW in service mode
2024-10-08 17:33:24,427 INFO  - Starting WinSW-x64.exe ..\server.cmd 
2024-10-08 17:33:24,516 ERROR - Failed to start service.
System.ComponentModel.Win32Exception (2): An error occurred trying to start process 'WinSW-x64.exe' with working directory 'C:\Projects\QGIS_ETL_Python\server\app'. Den angivne fil blev ikke fundet.
   at System.Diagnostics.Process.StartWithCreateProcess(ProcessStartInfo )
   at System.Diagnostics.Process.StartCore(ProcessStartInfo )
   at System.Diagnostics.Process.Start()
   at WinSW.Util.ProcessHelper.StartProcessAndCallbackForExit(Process processToStart, String executable, String arguments, Dictionary`2 envVars, String workingDirectory, Nullable`1 priority, ProcessCompletionCallback callback, LogHandler logHandler, Boolean hideWindow)
   at WinSW.WrapperService.StartProcess(Process processToStart, String arguments, String executable, LogHandler logHandler)
   at WinSW.WrapperService.DoStart()
   at WinSW.WrapperService.OnStart(String[] args)
2024-10-08 17:35:57,550 DEBUG - Starting WinSW in console mode
2024-10-08 17:36:00,404 DEBUG - Starting WinSW in console mode
2024-10-08 17:36:00,454 INFO  - Uninstalling service 'Q-ETL log server (Q-ETL)'...
2024-10-08 17:36:00,463 INFO  - Service 'Q-ETL log server (Q-ETL)' was uninstalled successfully.
2024-10-08 17:36:05,034 DEBUG - Starting WinSW in console mode
2024-10-08 17:36:07,287 DEBUG - Starting WinSW in console mode
2024-10-08 17:36:07,326 INFO  - Installing service 'Q-ETL log server (Q-ETL)'...
2024-10-08 17:36:07,372 INFO  - Service 'Q-ETL log server (Q-ETL)' was installed successfully.
2024-10-08 17:36:14,503 DEBUG - Starting WinSW in service mode
2024-10-08 17:36:14,732 INFO  - Starting WinSW-x64.exe server.cmd 
2024-10-08 17:36:14,807 ERROR - Failed to start service.
System.ComponentModel.Win32Exception (2): An error occurred trying to start process 'WinSW-x64.exe' with working directory 'C:\Projects\QGIS_ETL_Python\server\app'. Den angivne fil blev ikke fundet.
   at System.Diagnostics.Process.StartWithCreateProcess(ProcessStartInfo )
   at System.Diagnostics.Process.StartCore(ProcessStartInfo )
   at System.Diagnostics.Process.Start()
   at WinSW.Util.ProcessHelper.StartProcessAndCallbackForExit(Process processToStart, String executable, String arguments, Dictionary`2 envVars, String workingDirectory, Nullable`1 priority, ProcessCompletionCallback callback, LogHandler logHandler, Boolean hideWindow)
   at WinSW.WrapperService.StartProcess(Process processToStart, String arguments, String executable, LogHandler logHandler)
   at WinSW.WrapperService.DoStart()
   at WinSW.WrapperService.OnStart(String[] args)
2024-10-08 17:36:52,436 DEBUG - Starting WinSW in console mode
2024-10-08 17:36:54,662 DEBUG - Starting WinSW in console mode
2024-10-08 17:36:54,700 INFO  - Installing service 'Q-ETL log server (Q-ETL)'...
2024-10-08 17:36:54,706 ERROR - A service with ID 'Q-ETL' already exists.
2024-10-08 17:36:54,708 FATAL - Failed to install the service. Den angivne tjeneste findes allerede.
